Build started 4/3/2014 5:10:55 PM.
     1>Project "F:\cse 380 final project\HW2\HW2\TMXMapImporter\TMXMapImporter.vcxproj" on node 2 (Build target(s)).
     1>InitializeBuildStatus:
         Creating "F:\cse 380 final project\HW2\HW2\Temp\TMXMapImporter\Debug\TMXMapImporter.unsuccessfulbuild" because "AlwaysCreate" was specified.
       ClCompile:
         C:\Program Files (x86)\Microsoft Visual Studio 11.0\VC\bin\CL.exe /c /ZI /nologo /W3 /WX- /sdl /Od /Oy- /D WIN32 /D _DEBUG /D _LIB /D _UNICODE /D UNICODE /Gm /EHsc /RTC1 /MDd /GS /fp:precise /Zc:wchar_t /Zc:forScope /Fo"F:\cse 380 final project\HW2\HW2\Temp\TMXMapImporter\Debug\\" /Fd"F:\cse 380 final project\HW2\HW2\Temp\TMXMapImporter\Debug\vc110.pdb" /Gd /TP /analyze- /errorReport:prompt src\tmxmi\TMXMapImporter.cpp src\tmxmi_VS\stdafx.cpp
         stdafx.cpp
         TMXMapImporter.cpp
     1>f:\cse 380 final project\hw2\hw2\tmxmapimporter\src\tmxmi\tmxmapimporter.cpp(3): warning C4067: unexpected tokens following preprocessor directive - expected a newline
     1>f:\cse 380 final project\hw2\hw2\tmxmapimporter\src\tmxmi\tmxmapimporter.cpp(4): warning C4067: unexpected tokens following preprocessor directive - expected a newline
         Generating Code...
       Lib:
         C:\Program Files (x86)\Microsoft Visual Studio 11.0\VC\bin\Lib.exe /OUT:"F:\cse 380 final project\HW2\HW2\Common\TMXMapImporter.lib" /NOLOGO "F:\cse 380 final project\HW2\HW2\Temp\TMXMapImporter\Debug\TMXMapImporter.obj"
         "F:\cse 380 final project\HW2\HW2\Temp\TMXMapImporter\Debug\stdafx.obj"
         TMXMapImporter.vcxproj -> F:\cse 380 final project\HW2\HW2\Common\TMXMapImporter.lib
       FinalizeBuildStatus:
         Deleting file "F:\cse 380 final project\HW2\HW2\Temp\TMXMapImporter\Debug\TMXMapImporter.unsuccessfulbuild".
         Touching "F:\cse 380 final project\HW2\HW2\Temp\TMXMapImporter\Debug\TMXMapImporter.lastbuildstate".
     1>Done Building Project "F:\cse 380 final project\HW2\HW2\TMXMapImporter\TMXMapImporter.vcxproj" (Build target(s)).

Build succeeded.

Time Elapsed 00:00:03.25
