C:\USERS\YUBSHANG\DESKTOP\380 PROJECT\PROJECT\TEMP\TINYXML\DEBUG\TINYSTR.OBJ
C:\USERS\YUBSHANG\DESKTOP\380 PROJECT\PROJECT\TEMP\TINYXML\DEBUG\TINYXML.OBJ
C:\USERS\YUBSHANG\DESKTOP\380 PROJECT\PROJECT\TEMP\TINYXML\DEBUG\TINYXMLERROR.OBJ
C:\USERS\YUBSHANG\DESKTOP\380 PROJECT\PROJECT\TEMP\TINYXML\DEBUG\TINYXMLPARSER.OBJ
C:\USERS\YUBSHANG\DESKTOP\380 PROJECT\PROJECT\TEMP\TINYXML\DEBUG\XMLTEST.OBJ
C:\USERS\YUBSHANG\DESKTOP\380 PROJECT\PROJECT\TEMP\TINYXML\DEBUG\STDAFX.OBJ
C:\USERS\YUBSHANG\DESKTOP\380 PROJECT\PROJECT\TEMP\TINYXML\DEBUG\VC110.PDB
C:\USERS\YUBSHANG\DESKTOP\380 PROJECT\PROJECT\COMMON\TINYXML.LIB
C:\Users\yubshang\Desktop\380 project\Project\Temp\tinyxml\Debug\stdafx.obj
C:\Users\yubshang\Desktop\380 project\Project\Temp\tinyxml\Debug\tinystr.obj
C:\Users\yubshang\Desktop\380 project\Project\Temp\tinyxml\Debug\tinyxml.obj
C:\Users\yubshang\Desktop\380 project\Project\Temp\tinyxml\Debug\tinyxmlerror.obj
C:\Users\yubshang\Desktop\380 project\Project\Temp\tinyxml\Debug\tinyxmlparser.obj
C:\Users\yubshang\Desktop\380 project\Project\Temp\tinyxml\Debug\xmltest.obj
C:\Users\yubshang\Desktop\380 project\Project\Temp\tinyxml\Debug\cl.command.1.tlog
C:\Users\yubshang\Desktop\380 project\Project\Temp\tinyxml\Debug\CL.read.1.tlog
C:\Users\yubshang\Desktop\380 project\Project\Temp\tinyxml\Debug\CL.write.1.tlog
C:\Users\yubshang\Desktop\380 project\Project\Temp\tinyxml\Debug\Lib-link.read.1.tlog
C:\Users\yubshang\Desktop\380 project\Project\Temp\tinyxml\Debug\Lib-link.write.1.tlog
C:\Users\yubshang\Desktop\380 project\Project\Temp\tinyxml\Debug\lib.command.1.tlog
C:\Users\yubshang\Desktop\380 project\Project\Temp\tinyxml\Debug\vc110.idb
C:\Users\yubshang\Desktop\380 project\Project\Temp\tinyxml\Debug\vc110.pdb
C:\Users\yubshang\Desktop\380 project\Project\Common\tinyxml.lib
