C:\USERS\YUBSHANG\DESKTOP\380 PROJECT\HW2\HW2\TEMP\BUGS\DEBUG\BUGSBUTTONEVENTHANDLER.OBJ
C:\USERS\YUBSHANG\DESKTOP\380 PROJECT\HW2\HW2\TEMP\BUGS\DEBUG\BUGSCOLLISIONLISTENER.OBJ
C:\USERS\YUBSHANG\DESKTOP\380 PROJECT\HW2\HW2\TEMP\BUGS\DEBUG\BUGSDATALOADER.OBJ
C:\USERS\YUBSHANG\DESKTOP\380 PROJECT\HW2\HW2\TEMP\BUGS\DEBUG\BUGSGAME.OBJ
C:\USERS\YUBSHANG\DESKTOP\380 PROJECT\HW2\HW2\TEMP\BUGS\DEBUG\BUGSKEYEVENTHANDLER.OBJ
C:\USERS\YUBSHANG\DESKTOP\380 PROJECT\HW2\HW2\TEMP\BUGS\DEBUG\BUGSMOUSEEVENTHANDLER.OBJ
C:\USERS\YUBSHANG\DESKTOP\380 PROJECT\HW2\HW2\TEMP\BUGS\DEBUG\BUGSTEXTGENERATOR.OBJ
C:\USERS\YUBSHANG\DESKTOP\380 PROJECT\HW2\HW2\TEMP\BUGS\DEBUG\STDAFX.OBJ
C:\USERS\YUBSHANG\DESKTOP\380 PROJECT\HW2\HW2\TEMP\BUGS\DEBUG\VC110.PDB
C:\USERS\YUBSHANG\DESKTOP\380 PROJECT\HW2\HW2\TEMP\BUGS\DEBUG\BOX2DCONTACTLISTENER.OBJ
C:\USERS\YUBSHANG\DESKTOP\380 PROJECT\HW2\HW2\APPS\BUGS\BUGS.ILK
C:\USERS\YUBSHANG\DESKTOP\380 PROJECT\HW2\HW2\APPS\BUGS\BUGS.EXE
C:\USERS\YUBSHANG\DESKTOP\380 PROJECT\HW2\HW2\APPS\BUGS\BUGS.PDB
C:\Users\yubshang\Desktop\380 project\HW2\HW2\Temp\Bugs\Debug\Box2DContactListener.obj
C:\Users\yubshang\Desktop\380 project\HW2\HW2\Temp\Bugs\Debug\BugsButtonEventHandler.obj
C:\Users\yubshang\Desktop\380 project\HW2\HW2\Temp\Bugs\Debug\BugsCollisionListener.obj
C:\Users\yubshang\Desktop\380 project\HW2\HW2\Temp\Bugs\Debug\BugsDataLoader.obj
C:\Users\yubshang\Desktop\380 project\HW2\HW2\Temp\Bugs\Debug\BugsGame.obj
C:\Users\yubshang\Desktop\380 project\HW2\HW2\Temp\Bugs\Debug\BugsKeyEventHandler.obj
C:\Users\yubshang\Desktop\380 project\HW2\HW2\Temp\Bugs\Debug\BugsMouseEventHandler.obj
C:\Users\yubshang\Desktop\380 project\HW2\HW2\Temp\Bugs\Debug\BugsTextGenerator.obj
C:\Users\yubshang\Desktop\380 project\HW2\HW2\Temp\Bugs\Debug\stdafx.obj
C:\Users\yubshang\Desktop\380 project\HW2\HW2\Temp\Bugs\Debug\cl.command.1.tlog
C:\Users\yubshang\Desktop\380 project\HW2\HW2\Temp\Bugs\Debug\CL.read.1.tlog
C:\Users\yubshang\Desktop\380 project\HW2\HW2\Temp\Bugs\Debug\CL.write.1.tlog
C:\Users\yubshang\Desktop\380 project\HW2\HW2\Temp\Bugs\Debug\link-cvtres.read.1.tlog
C:\Users\yubshang\Desktop\380 project\HW2\HW2\Temp\Bugs\Debug\link-cvtres.write.1.tlog
C:\Users\yubshang\Desktop\380 project\HW2\HW2\Temp\Bugs\Debug\link-rc.read.1.tlog
C:\Users\yubshang\Desktop\380 project\HW2\HW2\Temp\Bugs\Debug\link-rc.write.1.tlog
C:\Users\yubshang\Desktop\380 project\HW2\HW2\Temp\Bugs\Debug\link.10376-cvtres.read.1.tlog
C:\Users\yubshang\Desktop\380 project\HW2\HW2\Temp\Bugs\Debug\link.10376-cvtres.write.1.tlog
C:\Users\yubshang\Desktop\380 project\HW2\HW2\Temp\Bugs\Debug\link.10376-rc.read.1.tlog
C:\Users\yubshang\Desktop\380 project\HW2\HW2\Temp\Bugs\Debug\link.10376-rc.write.1.tlog
C:\Users\yubshang\Desktop\380 project\HW2\HW2\Temp\Bugs\Debug\link.10376.read.1.tlog
C:\Users\yubshang\Desktop\380 project\HW2\HW2\Temp\Bugs\Debug\link.10376.write.1.tlog
C:\Users\yubshang\Desktop\380 project\HW2\HW2\Temp\Bugs\Debug\link.10404-cvtres.read.1.tlog
C:\Users\yubshang\Desktop\380 project\HW2\HW2\Temp\Bugs\Debug\link.10404-cvtres.write.1.tlog
C:\Users\yubshang\Desktop\380 project\HW2\HW2\Temp\Bugs\Debug\link.10404-rc.read.1.tlog
C:\Users\yubshang\Desktop\380 project\HW2\HW2\Temp\Bugs\Debug\link.10404-rc.write.1.tlog
C:\Users\yubshang\Desktop\380 project\HW2\HW2\Temp\Bugs\Debug\link.10404.read.1.tlog
C:\Users\yubshang\Desktop\380 project\HW2\HW2\Temp\Bugs\Debug\link.10404.write.1.tlog
C:\Users\yubshang\Desktop\380 project\HW2\HW2\Temp\Bugs\Debug\link.10496-cvtres.read.1.tlog
C:\Users\yubshang\Desktop\380 project\HW2\HW2\Temp\Bugs\Debug\link.10496-cvtres.write.1.tlog
C:\Users\yubshang\Desktop\380 project\HW2\HW2\Temp\Bugs\Debug\link.10496-rc.read.1.tlog
C:\Users\yubshang\Desktop\380 project\HW2\HW2\Temp\Bugs\Debug\link.10496-rc.write.1.tlog
C:\Users\yubshang\Desktop\380 project\HW2\HW2\Temp\Bugs\Debug\link.10496.read.1.tlog
C:\Users\yubshang\Desktop\380 project\HW2\HW2\Temp\Bugs\Debug\link.10496.write.1.tlog
C:\Users\yubshang\Desktop\380 project\HW2\HW2\Temp\Bugs\Debug\link.10924-cvtres.read.1.tlog
C:\Users\yubshang\Desktop\380 project\HW2\HW2\Temp\Bugs\Debug\link.10924-cvtres.write.1.tlog
C:\Users\yubshang\Desktop\380 project\HW2\HW2\Temp\Bugs\Debug\link.10924-rc.read.1.tlog
C:\Users\yubshang\Desktop\380 project\HW2\HW2\Temp\Bugs\Debug\link.10924-rc.write.1.tlog
C:\Users\yubshang\Desktop\380 project\HW2\HW2\Temp\Bugs\Debug\link.10924.read.1.tlog
C:\Users\yubshang\Desktop\380 project\HW2\HW2\Temp\Bugs\Debug\link.10924.write.1.tlog
C:\Users\yubshang\Desktop\380 project\HW2\HW2\Temp\Bugs\Debug\link.11944-cvtres.read.1.tlog
C:\Users\yubshang\Desktop\380 project\HW2\HW2\Temp\Bugs\Debug\link.11944-cvtres.write.1.tlog
C:\Users\yubshang\Desktop\380 project\HW2\HW2\Temp\Bugs\Debug\link.11944-rc.read.1.tlog
C:\Users\yubshang\Desktop\380 project\HW2\HW2\Temp\Bugs\Debug\link.11944-rc.write.1.tlog
C:\Users\yubshang\Desktop\380 project\HW2\HW2\Temp\Bugs\Debug\link.11944.read.1.tlog
C:\Users\yubshang\Desktop\380 project\HW2\HW2\Temp\Bugs\Debug\link.11944.write.1.tlog
C:\Users\yubshang\Desktop\380 project\HW2\HW2\Temp\Bugs\Debug\link.12824-cvtres.read.1.tlog
C:\Users\yubshang\Desktop\380 project\HW2\HW2\Temp\Bugs\Debug\link.12824-cvtres.write.1.tlog
C:\Users\yubshang\Desktop\380 project\HW2\HW2\Temp\Bugs\Debug\link.12824-rc.read.1.tlog
C:\Users\yubshang\Desktop\380 project\HW2\HW2\Temp\Bugs\Debug\link.12824-rc.write.1.tlog
C:\Users\yubshang\Desktop\380 project\HW2\HW2\Temp\Bugs\Debug\link.12824.read.1.tlog
C:\Users\yubshang\Desktop\380 project\HW2\HW2\Temp\Bugs\Debug\link.12824.write.1.tlog
C:\Users\yubshang\Desktop\380 project\HW2\HW2\Temp\Bugs\Debug\link.13820-cvtres.read.1.tlog
C:\Users\yubshang\Desktop\380 project\HW2\HW2\Temp\Bugs\Debug\link.13820-cvtres.write.1.tlog
C:\Users\yubshang\Desktop\380 project\HW2\HW2\Temp\Bugs\Debug\link.13820-rc.read.1.tlog
C:\Users\yubshang\Desktop\380 project\HW2\HW2\Temp\Bugs\Debug\link.13820-rc.write.1.tlog
C:\Users\yubshang\Desktop\380 project\HW2\HW2\Temp\Bugs\Debug\link.13820.read.1.tlog
C:\Users\yubshang\Desktop\380 project\HW2\HW2\Temp\Bugs\Debug\link.13820.write.1.tlog
C:\Users\yubshang\Desktop\380 project\HW2\HW2\Temp\Bugs\Debug\link.15048-cvtres.read.1.tlog
C:\Users\yubshang\Desktop\380 project\HW2\HW2\Temp\Bugs\Debug\link.15048-cvtres.write.1.tlog
C:\Users\yubshang\Desktop\380 project\HW2\HW2\Temp\Bugs\Debug\link.15048-rc.read.1.tlog
C:\Users\yubshang\Desktop\380 project\HW2\HW2\Temp\Bugs\Debug\link.15048-rc.write.1.tlog
C:\Users\yubshang\Desktop\380 project\HW2\HW2\Temp\Bugs\Debug\link.15048.read.1.tlog
C:\Users\yubshang\Desktop\380 project\HW2\HW2\Temp\Bugs\Debug\link.15048.write.1.tlog
C:\Users\yubshang\Desktop\380 project\HW2\HW2\Temp\Bugs\Debug\link.15620-cvtres.read.1.tlog
C:\Users\yubshang\Desktop\380 project\HW2\HW2\Temp\Bugs\Debug\link.15620-cvtres.write.1.tlog
C:\Users\yubshang\Desktop\380 project\HW2\HW2\Temp\Bugs\Debug\link.15620-rc.read.1.tlog
C:\Users\yubshang\Desktop\380 project\HW2\HW2\Temp\Bugs\Debug\link.15620-rc.write.1.tlog
C:\Users\yubshang\Desktop\380 project\HW2\HW2\Temp\Bugs\Debug\link.15620.read.1.tlog
C:\Users\yubshang\Desktop\380 project\HW2\HW2\Temp\Bugs\Debug\link.15620.write.1.tlog
C:\Users\yubshang\Desktop\380 project\HW2\HW2\Temp\Bugs\Debug\link.15640-cvtres.read.1.tlog
C:\Users\yubshang\Desktop\380 project\HW2\HW2\Temp\Bugs\Debug\link.15640-cvtres.write.1.tlog
C:\Users\yubshang\Desktop\380 project\HW2\HW2\Temp\Bugs\Debug\link.15640-rc.read.1.tlog
C:\Users\yubshang\Desktop\380 project\HW2\HW2\Temp\Bugs\Debug\link.15640-rc.write.1.tlog
C:\Users\yubshang\Desktop\380 project\HW2\HW2\Temp\Bugs\Debug\link.15640.read.1.tlog
C:\Users\yubshang\Desktop\380 project\HW2\HW2\Temp\Bugs\Debug\link.15640.write.1.tlog
C:\Users\yubshang\Desktop\380 project\HW2\HW2\Temp\Bugs\Debug\link.15688-cvtres.read.1.tlog
C:\Users\yubshang\Desktop\380 project\HW2\HW2\Temp\Bugs\Debug\link.15688-cvtres.write.1.tlog
C:\Users\yubshang\Desktop\380 project\HW2\HW2\Temp\Bugs\Debug\link.15688-rc.read.1.tlog
C:\Users\yubshang\Desktop\380 project\HW2\HW2\Temp\Bugs\Debug\link.15688-rc.write.1.tlog
C:\Users\yubshang\Desktop\380 project\HW2\HW2\Temp\Bugs\Debug\link.15688.read.1.tlog
C:\Users\yubshang\Desktop\380 project\HW2\HW2\Temp\Bugs\Debug\link.15688.write.1.tlog
C:\Users\yubshang\Desktop\380 project\HW2\HW2\Temp\Bugs\Debug\link.16084-cvtres.read.1.tlog
C:\Users\yubshang\Desktop\380 project\HW2\HW2\Temp\Bugs\Debug\link.16084-cvtres.write.1.tlog
C:\Users\yubshang\Desktop\380 project\HW2\HW2\Temp\Bugs\Debug\link.16084-rc.read.1.tlog
C:\Users\yubshang\Desktop\380 project\HW2\HW2\Temp\Bugs\Debug\link.16084-rc.write.1.tlog
C:\Users\yubshang\Desktop\380 project\HW2\HW2\Temp\Bugs\Debug\link.16084.read.1.tlog
C:\Users\yubshang\Desktop\380 project\HW2\HW2\Temp\Bugs\Debug\link.16084.write.1.tlog
C:\Users\yubshang\Desktop\380 project\HW2\HW2\Temp\Bugs\Debug\link.1748-cvtres.read.1.tlog
C:\Users\yubshang\Desktop\380 project\HW2\HW2\Temp\Bugs\Debug\link.1748-cvtres.write.1.tlog
C:\Users\yubshang\Desktop\380 project\HW2\HW2\Temp\Bugs\Debug\link.1748-rc.read.1.tlog
C:\Users\yubshang\Desktop\380 project\HW2\HW2\Temp\Bugs\Debug\link.1748-rc.write.1.tlog
C:\Users\yubshang\Desktop\380 project\HW2\HW2\Temp\Bugs\Debug\link.1748.read.1.tlog
C:\Users\yubshang\Desktop\380 project\HW2\HW2\Temp\Bugs\Debug\link.1748.write.1.tlog
C:\Users\yubshang\Desktop\380 project\HW2\HW2\Temp\Bugs\Debug\link.4284-cvtres.read.1.tlog
C:\Users\yubshang\Desktop\380 project\HW2\HW2\Temp\Bugs\Debug\link.4284-cvtres.write.1.tlog
C:\Users\yubshang\Desktop\380 project\HW2\HW2\Temp\Bugs\Debug\link.4284-rc.read.1.tlog
C:\Users\yubshang\Desktop\380 project\HW2\HW2\Temp\Bugs\Debug\link.4284-rc.write.1.tlog
C:\Users\yubshang\Desktop\380 project\HW2\HW2\Temp\Bugs\Debug\link.4284.read.1.tlog
C:\Users\yubshang\Desktop\380 project\HW2\HW2\Temp\Bugs\Debug\link.4284.write.1.tlog
C:\Users\yubshang\Desktop\380 project\HW2\HW2\Temp\Bugs\Debug\link.4772-cvtres.read.1.tlog
C:\Users\yubshang\Desktop\380 project\HW2\HW2\Temp\Bugs\Debug\link.4772-cvtres.write.1.tlog
C:\Users\yubshang\Desktop\380 project\HW2\HW2\Temp\Bugs\Debug\link.4772-rc.read.1.tlog
C:\Users\yubshang\Desktop\380 project\HW2\HW2\Temp\Bugs\Debug\link.4772-rc.write.1.tlog
C:\Users\yubshang\Desktop\380 project\HW2\HW2\Temp\Bugs\Debug\link.4772.read.1.tlog
C:\Users\yubshang\Desktop\380 project\HW2\HW2\Temp\Bugs\Debug\link.4772.write.1.tlog
C:\Users\yubshang\Desktop\380 project\HW2\HW2\Temp\Bugs\Debug\link.5604-cvtres.read.1.tlog
C:\Users\yubshang\Desktop\380 project\HW2\HW2\Temp\Bugs\Debug\link.5604-cvtres.write.1.tlog
C:\Users\yubshang\Desktop\380 project\HW2\HW2\Temp\Bugs\Debug\link.5604-rc.read.1.tlog
C:\Users\yubshang\Desktop\380 project\HW2\HW2\Temp\Bugs\Debug\link.5604-rc.write.1.tlog
C:\Users\yubshang\Desktop\380 project\HW2\HW2\Temp\Bugs\Debug\link.5604.read.1.tlog
C:\Users\yubshang\Desktop\380 project\HW2\HW2\Temp\Bugs\Debug\link.5604.write.1.tlog
C:\Users\yubshang\Desktop\380 project\HW2\HW2\Temp\Bugs\Debug\link.5944-cvtres.read.1.tlog
C:\Users\yubshang\Desktop\380 project\HW2\HW2\Temp\Bugs\Debug\link.5944-cvtres.write.1.tlog
C:\Users\yubshang\Desktop\380 project\HW2\HW2\Temp\Bugs\Debug\link.5944-rc.read.1.tlog
C:\Users\yubshang\Desktop\380 project\HW2\HW2\Temp\Bugs\Debug\link.5944-rc.write.1.tlog
C:\Users\yubshang\Desktop\380 project\HW2\HW2\Temp\Bugs\Debug\link.5944.read.1.tlog
C:\Users\yubshang\Desktop\380 project\HW2\HW2\Temp\Bugs\Debug\link.5944.write.1.tlog
C:\Users\yubshang\Desktop\380 project\HW2\HW2\Temp\Bugs\Debug\link.6048-cvtres.read.1.tlog
C:\Users\yubshang\Desktop\380 project\HW2\HW2\Temp\Bugs\Debug\link.6048-cvtres.write.1.tlog
C:\Users\yubshang\Desktop\380 project\HW2\HW2\Temp\Bugs\Debug\link.6048-rc.read.1.tlog
C:\Users\yubshang\Desktop\380 project\HW2\HW2\Temp\Bugs\Debug\link.6048-rc.write.1.tlog
C:\Users\yubshang\Desktop\380 project\HW2\HW2\Temp\Bugs\Debug\link.6048.read.1.tlog
C:\Users\yubshang\Desktop\380 project\HW2\HW2\Temp\Bugs\Debug\link.6048.write.1.tlog
C:\Users\yubshang\Desktop\380 project\HW2\HW2\Temp\Bugs\Debug\link.6076-cvtres.read.1.tlog
C:\Users\yubshang\Desktop\380 project\HW2\HW2\Temp\Bugs\Debug\link.6076-cvtres.write.1.tlog
C:\Users\yubshang\Desktop\380 project\HW2\HW2\Temp\Bugs\Debug\link.6076-rc.read.1.tlog
C:\Users\yubshang\Desktop\380 project\HW2\HW2\Temp\Bugs\Debug\link.6076-rc.write.1.tlog
C:\Users\yubshang\Desktop\380 project\HW2\HW2\Temp\Bugs\Debug\link.6076.read.1.tlog
C:\Users\yubshang\Desktop\380 project\HW2\HW2\Temp\Bugs\Debug\link.6076.write.1.tlog
C:\Users\yubshang\Desktop\380 project\HW2\HW2\Temp\Bugs\Debug\link.6396-cvtres.read.1.tlog
C:\Users\yubshang\Desktop\380 project\HW2\HW2\Temp\Bugs\Debug\link.6396-cvtres.write.1.tlog
C:\Users\yubshang\Desktop\380 project\HW2\HW2\Temp\Bugs\Debug\link.6396-rc.read.1.tlog
C:\Users\yubshang\Desktop\380 project\HW2\HW2\Temp\Bugs\Debug\link.6396-rc.write.1.tlog
C:\Users\yubshang\Desktop\380 project\HW2\HW2\Temp\Bugs\Debug\link.6396.read.1.tlog
C:\Users\yubshang\Desktop\380 project\HW2\HW2\Temp\Bugs\Debug\link.6396.write.1.tlog
C:\Users\yubshang\Desktop\380 project\HW2\HW2\Temp\Bugs\Debug\link.6584-cvtres.read.1.tlog
C:\Users\yubshang\Desktop\380 project\HW2\HW2\Temp\Bugs\Debug\link.6584-cvtres.write.1.tlog
C:\Users\yubshang\Desktop\380 project\HW2\HW2\Temp\Bugs\Debug\link.6584-rc.read.1.tlog
C:\Users\yubshang\Desktop\380 project\HW2\HW2\Temp\Bugs\Debug\link.6584-rc.write.1.tlog
C:\Users\yubshang\Desktop\380 project\HW2\HW2\Temp\Bugs\Debug\link.6584.read.1.tlog
C:\Users\yubshang\Desktop\380 project\HW2\HW2\Temp\Bugs\Debug\link.6584.write.1.tlog
C:\Users\yubshang\Desktop\380 project\HW2\HW2\Temp\Bugs\Debug\link.7688-cvtres.read.1.tlog
C:\Users\yubshang\Desktop\380 project\HW2\HW2\Temp\Bugs\Debug\link.7688-cvtres.write.1.tlog
C:\Users\yubshang\Desktop\380 project\HW2\HW2\Temp\Bugs\Debug\link.7688-rc.read.1.tlog
C:\Users\yubshang\Desktop\380 project\HW2\HW2\Temp\Bugs\Debug\link.7688-rc.write.1.tlog
C:\Users\yubshang\Desktop\380 project\HW2\HW2\Temp\Bugs\Debug\link.7688.read.1.tlog
C:\Users\yubshang\Desktop\380 project\HW2\HW2\Temp\Bugs\Debug\link.7688.write.1.tlog
C:\Users\yubshang\Desktop\380 project\HW2\HW2\Temp\Bugs\Debug\link.7968-cvtres.read.1.tlog
C:\Users\yubshang\Desktop\380 project\HW2\HW2\Temp\Bugs\Debug\link.7968-cvtres.write.1.tlog
C:\Users\yubshang\Desktop\380 project\HW2\HW2\Temp\Bugs\Debug\link.7968-rc.read.1.tlog
C:\Users\yubshang\Desktop\380 project\HW2\HW2\Temp\Bugs\Debug\link.7968-rc.write.1.tlog
C:\Users\yubshang\Desktop\380 project\HW2\HW2\Temp\Bugs\Debug\link.7968.read.1.tlog
C:\Users\yubshang\Desktop\380 project\HW2\HW2\Temp\Bugs\Debug\link.7968.write.1.tlog
C:\Users\yubshang\Desktop\380 project\HW2\HW2\Temp\Bugs\Debug\link.command.1.tlog
C:\Users\yubshang\Desktop\380 project\HW2\HW2\Temp\Bugs\Debug\link.read.1.tlog
C:\Users\yubshang\Desktop\380 project\HW2\HW2\Temp\Bugs\Debug\link.write.1.tlog
C:\Users\yubshang\Desktop\380 project\HW2\HW2\Temp\Bugs\Debug\vc110.idb
C:\Users\yubshang\Desktop\380 project\HW2\HW2\Temp\Bugs\Debug\vc110.pdb
C:\Users\yubshang\Desktop\380 project\HW2\HW2\Apps\Bugs\Bugs.pdb
