Build started 2014/4/16 20:01:39.
     1>Project "D:\380 project\HW2\HW2\SimpleSideScrollerFramework\SimpleSideScrollerFramework.vcxproj" on node 2 (Build target(s)).
     1>ClCompile:
         C:\Program Files (x86)\Microsoft Visual Studio 11.0\VC\bin\CL.exe /c /I./ /ZI /nologo /W3 /WX- /sdl /Od /Oy- /D WIN32 /D _DEBUG /D _LIB /D _UNICODE /D UNICODE /Gm /EHsc /RTC1 /MDd /GS /fp:precise /Zc:wchar_t /Zc:forScope /Fo"D:\380 project\HW2\HW2\Temp\SimpleSideScrollerFramework\Debug\\" /Fd"D:\380 project\HW2\HW2\Temp\SimpleSideScrollerFramework\Debug\vc110.pdb" /Gd /TP /analyze- /errorReport:prompt src\sssf\gsm\ai\pathfinding\OrthographicGridPathfinder.cpp
         OrthographicGridPathfinder.cpp
     1>d:\380 project\hw2\hw2\simplesidescrollerframework\src\sssf\gsm\ai\pathfinding\orthographicgridpathfinder.cpp(25): warning C4244: 'argument' : conversion from 'int' to 'float', possible loss of data
     1>d:\380 project\hw2\hw2\simplesidescrollerframework\src\sssf\gsm\ai\pathfinding\orthographicgridpathfinder.cpp(26): warning C4244: 'argument' : conversion from 'int' to 'float', possible loss of data
     1>d:\380 project\hw2\hw2\simplesidescrollerframework\src\sssf\gsm\ai\pathfinding\orthographicgridpathfinder.cpp(138): warning C4244: 'argument' : conversion from 'int' to 'float', possible loss of data
     1>d:\380 project\hw2\hw2\simplesidescrollerframework\src\sssf\gsm\ai\pathfinding\orthographicgridpathfinder.cpp(139): warning C4244: 'argument' : conversion from 'int' to 'float', possible loss of data
       Lib:
         C:\Program Files (x86)\Microsoft Visual Studio 11.0\VC\bin\Lib.exe /OUT:"D:\380 project\HW2\HW2\Common\SimpleSideScrollerFramework.lib" Box2D.lib /LIBPATH:./lib /NOLOGO "D:\380 project\HW2\HW2\Temp\SimpleSideScrollerFramework\Debug\GameDataLoader.obj"
         "D:\380 project\HW2\HW2\Temp\SimpleSideScrollerFramework\Debug\Game.obj"
         "D:\380 project\HW2\HW2\Temp\SimpleSideScrollerFramework\Debug\WStringTable.obj"
         "D:\380 project\HW2\HW2\Temp\SimpleSideScrollerFramework\Debug\GameGraphics.obj"
         "D:\380 project\HW2\HW2\Temp\SimpleSideScrollerFramework\Debug\RenderList.obj"
         "D:\380 project\HW2\HW2\Temp\SimpleSideScrollerFramework\Debug\TextureManager.obj"
         "D:\380 project\HW2\HW2\Temp\SimpleSideScrollerFramework\Debug\BotRecycler.obj"
         "D:\380 project\HW2\HW2\Temp\SimpleSideScrollerFramework\Debug\RandomFloatingBot.obj"
         "D:\380 project\HW2\HW2\Temp\SimpleSideScrollerFramework\Debug\RandomJumpingBot.obj"
         "D:\380 project\HW2\HW2\Temp\SimpleSideScrollerFramework\Debug\OrthographicGridPathfinder.obj"
         "D:\380 project\HW2\HW2\Temp\SimpleSideScrollerFramework\Debug\AABB.obj"
         "D:\380 project\HW2\HW2\Temp\SimpleSideScrollerFramework\Debug\CollidableObject.obj"
         "D:\380 project\HW2\HW2\Temp\SimpleSideScrollerFramework\Debug\Physics.obj"
         "D:\380 project\HW2\HW2\Temp\SimpleSideScrollerFramework\Debug\AnimatedSprite.obj"
         "D:\380 project\HW2\HW2\Temp\SimpleSideScrollerFramework\Debug\AnimatedSpriteType.obj"
         "D:\380 project\HW2\HW2\Temp\SimpleSideScrollerFramework\Debug\SpriteManager.obj"
         "D:\380 project\HW2\HW2\Temp\SimpleSideScrollerFramework\Debug\TopDownSprite.obj"
         "D:\380 project\HW2\HW2\Temp\SimpleSideScrollerFramework\Debug\GameStateManager.obj"
         "D:\380 project\HW2\HW2\Temp\SimpleSideScrollerFramework\Debug\SparseLayer.obj"
         "D:\380 project\HW2\HW2\Temp\SimpleSideScrollerFramework\Debug\TiledLayer.obj"
         "D:\380 project\HW2\HW2\Temp\SimpleSideScrollerFramework\Debug\World.obj"
         "D:\380 project\HW2\HW2\Temp\SimpleSideScrollerFramework\Debug\Button.obj"
         "D:\380 project\HW2\HW2\Temp\SimpleSideScrollerFramework\Debug\Cursor.obj"
         "D:\380 project\HW2\HW2\Temp\SimpleSideScrollerFramework\Debug\GameGUI.obj"
         "D:\380 project\HW2\HW2\Temp\SimpleSideScrollerFramework\Debug\ScreenGUI.obj"
         "D:\380 project\HW2\HW2\Temp\SimpleSideScrollerFramework\Debug\Viewport.obj"
         "D:\380 project\HW2\HW2\Temp\SimpleSideScrollerFramework\Debug\GameInput.obj"
         "D:\380 project\HW2\HW2\Temp\SimpleSideScrollerFramework\Debug\DirectXGraphics.obj"
         "D:\380 project\HW2\HW2\Temp\SimpleSideScrollerFramework\Debug\DirectXTextureManager.obj"
         "D:\380 project\HW2\HW2\Temp\SimpleSideScrollerFramework\Debug\WindowsInput.obj"
         "D:\380 project\HW2\HW2\Temp\SimpleSideScrollerFramework\Debug\WindowsOS.obj"
         "D:\380 project\HW2\HW2\Temp\SimpleSideScrollerFramework\Debug\WindowsTimer.obj"
         "D:\380 project\HW2\HW2\Temp\SimpleSideScrollerFramework\Debug\BufferedTextFileReader.obj"
         "D:\380 project\HW2\HW2\Temp\SimpleSideScrollerFramework\Debug\GameText.obj"
         "D:\380 project\HW2\HW2\Temp\SimpleSideScrollerFramework\Debug\TextFileWriter.obj"
         "D:\380 project\HW2\HW2\Temp\SimpleSideScrollerFramework\Debug\stdafx.obj"
         SimpleSideScrollerFramework.vcxproj -> D:\380 project\HW2\HW2\Common\SimpleSideScrollerFramework.lib
     1>Done Building Project "D:\380 project\HW2\HW2\SimpleSideScrollerFramework\SimpleSideScrollerFramework.vcxproj" (Build target(s)).

Build succeeded.

Time Elapsed 00:00:09.64
