F:\CSE 380 FINAL PROJECT\HW2\HW2\TEMP\SIMPLESIDESCROLLERFRAMEWORK\DEBUG\TOPDOWNSPRITE.OBJ
F:\CSE 380 FINAL PROJECT\HW2\HW2\TEMP\SIMPLESIDESCROLLERFRAMEWORK\DEBUG\GAMESTATEMANAGER.OBJ
F:\CSE 380 FINAL PROJECT\HW2\HW2\TEMP\SIMPLESIDESCROLLERFRAMEWORK\DEBUG\SPARSELAYER.OBJ
F:\CSE 380 FINAL PROJECT\HW2\HW2\TEMP\SIMPLESIDESCROLLERFRAMEWORK\DEBUG\TILEDLAYER.OBJ
F:\CSE 380 FINAL PROJECT\HW2\HW2\TEMP\SIMPLESIDESCROLLERFRAMEWORK\DEBUG\WORLD.OBJ
F:\CSE 380 FINAL PROJECT\HW2\HW2\TEMP\SIMPLESIDESCROLLERFRAMEWORK\DEBUG\BUTTON.OBJ
F:\CSE 380 FINAL PROJECT\HW2\HW2\TEMP\SIMPLESIDESCROLLERFRAMEWORK\DEBUG\CURSOR.OBJ
F:\CSE 380 FINAL PROJECT\HW2\HW2\TEMP\SIMPLESIDESCROLLERFRAMEWORK\DEBUG\GAMEGUI.OBJ
F:\CSE 380 FINAL PROJECT\HW2\HW2\TEMP\SIMPLESIDESCROLLERFRAMEWORK\DEBUG\SCREENGUI.OBJ
F:\CSE 380 FINAL PROJECT\HW2\HW2\TEMP\SIMPLESIDESCROLLERFRAMEWORK\DEBUG\VIEWPORT.OBJ
F:\CSE 380 FINAL PROJECT\HW2\HW2\TEMP\SIMPLESIDESCROLLERFRAMEWORK\DEBUG\GAMEINPUT.OBJ
F:\CSE 380 FINAL PROJECT\HW2\HW2\TEMP\SIMPLESIDESCROLLERFRAMEWORK\DEBUG\DIRECTXGRAPHICS.OBJ
F:\CSE 380 FINAL PROJECT\HW2\HW2\TEMP\SIMPLESIDESCROLLERFRAMEWORK\DEBUG\DIRECTXTEXTUREMANAGER.OBJ
F:\CSE 380 FINAL PROJECT\HW2\HW2\TEMP\SIMPLESIDESCROLLERFRAMEWORK\DEBUG\WINDOWSINPUT.OBJ
F:\CSE 380 FINAL PROJECT\HW2\HW2\TEMP\SIMPLESIDESCROLLERFRAMEWORK\DEBUG\WINDOWSOS.OBJ
F:\CSE 380 FINAL PROJECT\HW2\HW2\TEMP\SIMPLESIDESCROLLERFRAMEWORK\DEBUG\WINDOWSTIMER.OBJ
F:\CSE 380 FINAL PROJECT\HW2\HW2\TEMP\SIMPLESIDESCROLLERFRAMEWORK\DEBUG\BUFFEREDTEXTFILEREADER.OBJ
F:\CSE 380 FINAL PROJECT\HW2\HW2\TEMP\SIMPLESIDESCROLLERFRAMEWORK\DEBUG\GAMETEXT.OBJ
F:\CSE 380 FINAL PROJECT\HW2\HW2\TEMP\SIMPLESIDESCROLLERFRAMEWORK\DEBUG\TEXTFILEWRITER.OBJ
F:\CSE 380 FINAL PROJECT\HW2\HW2\TEMP\SIMPLESIDESCROLLERFRAMEWORK\DEBUG\STDAFX.OBJ
F:\CSE 380 FINAL PROJECT\HW2\HW2\TEMP\SIMPLESIDESCROLLERFRAMEWORK\DEBUG\GAMEDATALOADER.OBJ
F:\CSE 380 FINAL PROJECT\HW2\HW2\TEMP\SIMPLESIDESCROLLERFRAMEWORK\DEBUG\GAME.OBJ
F:\CSE 380 FINAL PROJECT\HW2\HW2\TEMP\SIMPLESIDESCROLLERFRAMEWORK\DEBUG\WSTRINGTABLE.OBJ
F:\CSE 380 FINAL PROJECT\HW2\HW2\TEMP\SIMPLESIDESCROLLERFRAMEWORK\DEBUG\GAMEGRAPHICS.OBJ
F:\CSE 380 FINAL PROJECT\HW2\HW2\TEMP\SIMPLESIDESCROLLERFRAMEWORK\DEBUG\RENDERLIST.OBJ
F:\CSE 380 FINAL PROJECT\HW2\HW2\TEMP\SIMPLESIDESCROLLERFRAMEWORK\DEBUG\TEXTUREMANAGER.OBJ
F:\CSE 380 FINAL PROJECT\HW2\HW2\TEMP\SIMPLESIDESCROLLERFRAMEWORK\DEBUG\BOTRECYCLER.OBJ
F:\CSE 380 FINAL PROJECT\HW2\HW2\TEMP\SIMPLESIDESCROLLERFRAMEWORK\DEBUG\RANDOMBOT.OBJ
F:\CSE 380 FINAL PROJECT\HW2\HW2\TEMP\SIMPLESIDESCROLLERFRAMEWORK\DEBUG\ORTHOGRAPHICGRIDPATHFINDER.OBJ
F:\CSE 380 FINAL PROJECT\HW2\HW2\TEMP\SIMPLESIDESCROLLERFRAMEWORK\DEBUG\AABB.OBJ
F:\CSE 380 FINAL PROJECT\HW2\HW2\TEMP\SIMPLESIDESCROLLERFRAMEWORK\DEBUG\COLLIDABLEOBJECT.OBJ
F:\CSE 380 FINAL PROJECT\HW2\HW2\TEMP\SIMPLESIDESCROLLERFRAMEWORK\DEBUG\PHYSICS.OBJ
F:\CSE 380 FINAL PROJECT\HW2\HW2\TEMP\SIMPLESIDESCROLLERFRAMEWORK\DEBUG\ANIMATEDSPRITE.OBJ
F:\CSE 380 FINAL PROJECT\HW2\HW2\TEMP\SIMPLESIDESCROLLERFRAMEWORK\DEBUG\ANIMATEDSPRITETYPE.OBJ
F:\CSE 380 FINAL PROJECT\HW2\HW2\TEMP\SIMPLESIDESCROLLERFRAMEWORK\DEBUG\SPRITEMANAGER.OBJ
F:\CSE 380 FINAL PROJECT\HW2\HW2\TEMP\SIMPLESIDESCROLLERFRAMEWORK\DEBUG\VC110.PDB
F:\CSE 380 FINAL PROJECT\HW2\HW2\COMMON\SIMPLESIDESCROLLERFRAMEWORK.LIB
F:\cse 380 final project\HW2\HW2\Temp\SimpleSideScrollerFramework\Debug\AABB.obj
F:\cse 380 final project\HW2\HW2\Temp\SimpleSideScrollerFramework\Debug\AnimatedSprite.obj
F:\cse 380 final project\HW2\HW2\Temp\SimpleSideScrollerFramework\Debug\AnimatedSpriteType.obj
F:\cse 380 final project\HW2\HW2\Temp\SimpleSideScrollerFramework\Debug\BotRecycler.obj
F:\cse 380 final project\HW2\HW2\Temp\SimpleSideScrollerFramework\Debug\BufferedTextFileReader.obj
F:\cse 380 final project\HW2\HW2\Temp\SimpleSideScrollerFramework\Debug\Button.obj
F:\cse 380 final project\HW2\HW2\Temp\SimpleSideScrollerFramework\Debug\CollidableObject.obj
F:\cse 380 final project\HW2\HW2\Temp\SimpleSideScrollerFramework\Debug\Cursor.obj
F:\cse 380 final project\HW2\HW2\Temp\SimpleSideScrollerFramework\Debug\DirectXGraphics.obj
F:\cse 380 final project\HW2\HW2\Temp\SimpleSideScrollerFramework\Debug\DirectXTextureManager.obj
F:\cse 380 final project\HW2\HW2\Temp\SimpleSideScrollerFramework\Debug\Game.obj
F:\cse 380 final project\HW2\HW2\Temp\SimpleSideScrollerFramework\Debug\GameDataLoader.obj
F:\cse 380 final project\HW2\HW2\Temp\SimpleSideScrollerFramework\Debug\GameGraphics.obj
F:\cse 380 final project\HW2\HW2\Temp\SimpleSideScrollerFramework\Debug\GameGUI.obj
F:\cse 380 final project\HW2\HW2\Temp\SimpleSideScrollerFramework\Debug\GameInput.obj
F:\cse 380 final project\HW2\HW2\Temp\SimpleSideScrollerFramework\Debug\GameStateManager.obj
F:\cse 380 final project\HW2\HW2\Temp\SimpleSideScrollerFramework\Debug\GameText.obj
F:\cse 380 final project\HW2\HW2\Temp\SimpleSideScrollerFramework\Debug\OrthographicGridPathfinder.obj
F:\cse 380 final project\HW2\HW2\Temp\SimpleSideScrollerFramework\Debug\Physics.obj
F:\cse 380 final project\HW2\HW2\Temp\SimpleSideScrollerFramework\Debug\RandomBot.obj
F:\cse 380 final project\HW2\HW2\Temp\SimpleSideScrollerFramework\Debug\RenderList.obj
F:\cse 380 final project\HW2\HW2\Temp\SimpleSideScrollerFramework\Debug\ScreenGUI.obj
F:\cse 380 final project\HW2\HW2\Temp\SimpleSideScrollerFramework\Debug\SparseLayer.obj
F:\cse 380 final project\HW2\HW2\Temp\SimpleSideScrollerFramework\Debug\SpriteManager.obj
F:\cse 380 final project\HW2\HW2\Temp\SimpleSideScrollerFramework\Debug\stdafx.obj
F:\cse 380 final project\HW2\HW2\Temp\SimpleSideScrollerFramework\Debug\TextFileWriter.obj
F:\cse 380 final project\HW2\HW2\Temp\SimpleSideScrollerFramework\Debug\TextureManager.obj
F:\cse 380 final project\HW2\HW2\Temp\SimpleSideScrollerFramework\Debug\TiledLayer.obj
F:\cse 380 final project\HW2\HW2\Temp\SimpleSideScrollerFramework\Debug\TopDownSprite.obj
F:\cse 380 final project\HW2\HW2\Temp\SimpleSideScrollerFramework\Debug\Viewport.obj
F:\cse 380 final project\HW2\HW2\Temp\SimpleSideScrollerFramework\Debug\WindowsInput.obj
F:\cse 380 final project\HW2\HW2\Temp\SimpleSideScrollerFramework\Debug\WindowsOS.obj
F:\cse 380 final project\HW2\HW2\Temp\SimpleSideScrollerFramework\Debug\WindowsTimer.obj
F:\cse 380 final project\HW2\HW2\Temp\SimpleSideScrollerFramework\Debug\World.obj
F:\cse 380 final project\HW2\HW2\Temp\SimpleSideScrollerFramework\Debug\WStringTable.obj
F:\cse 380 final project\HW2\HW2\Temp\SimpleSideScrollerFramework\Debug\cl.command.1.tlog
F:\cse 380 final project\HW2\HW2\Temp\SimpleSideScrollerFramework\Debug\CL.read.1.tlog
F:\cse 380 final project\HW2\HW2\Temp\SimpleSideScrollerFramework\Debug\CL.write.1.tlog
F:\cse 380 final project\HW2\HW2\Temp\SimpleSideScrollerFramework\Debug\Lib-link.read.1.tlog
F:\cse 380 final project\HW2\HW2\Temp\SimpleSideScrollerFramework\Debug\Lib-link.write.1.tlog
F:\cse 380 final project\HW2\HW2\Temp\SimpleSideScrollerFramework\Debug\lib.command.1.tlog
F:\cse 380 final project\HW2\HW2\Temp\SimpleSideScrollerFramework\Debug\vc110.idb
F:\cse 380 final project\HW2\HW2\Temp\SimpleSideScrollerFramework\Debug\vc110.pdb
F:\cse 380 final project\HW2\HW2\Common\SimpleSideScrollerFramework.lib
