E:\CSE 380 PROJECT\HW2\HW2\TEMP\TINYXML\DEBUG\TINYSTR.OBJ
E:\CSE 380 PROJECT\HW2\HW2\TEMP\TINYXML\DEBUG\TINYXML.OBJ
E:\CSE 380 PROJECT\HW2\HW2\TEMP\TINYXML\DEBUG\TINYXMLERROR.OBJ
E:\CSE 380 PROJECT\HW2\HW2\TEMP\TINYXML\DEBUG\TINYXMLPARSER.OBJ
E:\CSE 380 PROJECT\HW2\HW2\TEMP\TINYXML\DEBUG\XMLTEST.OBJ
E:\CSE 380 PROJECT\HW2\HW2\TEMP\TINYXML\DEBUG\STDAFX.OBJ
E:\CSE 380 PROJECT\HW2\HW2\TEMP\TINYXML\DEBUG\VC110.PDB
E:\CSE 380 PROJECT\HW2\HW2\COMMON\TINYXML.LIB
E:\cse 380 project\HW2\HW2\Temp\tinyxml\Debug\stdafx.obj
E:\cse 380 project\HW2\HW2\Temp\tinyxml\Debug\tinystr.obj
E:\cse 380 project\HW2\HW2\Temp\tinyxml\Debug\tinyxml.obj
E:\cse 380 project\HW2\HW2\Temp\tinyxml\Debug\tinyxmlerror.obj
E:\cse 380 project\HW2\HW2\Temp\tinyxml\Debug\tinyxmlparser.obj
E:\cse 380 project\HW2\HW2\Temp\tinyxml\Debug\xmltest.obj
E:\cse 380 project\HW2\HW2\Temp\tinyxml\Debug\cl.command.1.tlog
E:\cse 380 project\HW2\HW2\Temp\tinyxml\Debug\CL.read.1.tlog
E:\cse 380 project\HW2\HW2\Temp\tinyxml\Debug\CL.write.1.tlog
E:\cse 380 project\HW2\HW2\Temp\tinyxml\Debug\Lib-link.read.1.tlog
E:\cse 380 project\HW2\HW2\Temp\tinyxml\Debug\Lib-link.write.1.tlog
E:\cse 380 project\HW2\HW2\Temp\tinyxml\Debug\lib.command.1.tlog
E:\cse 380 project\HW2\HW2\Temp\tinyxml\Debug\vc110.idb
E:\cse 380 project\HW2\HW2\Temp\tinyxml\Debug\vc110.pdb
E:\cse 380 project\HW2\HW2\Common\tinyxml.lib
