Build started 4/17/2014 8:41:19 PM.
     1>Project "F:\cse 380 final project\HW2\HW2\tinyxml\tinyxml.vcxproj" on node 2 (Build target(s)).
     1>InitializeBuildStatus:
         Touching "F:\cse 380 final project\HW2\HW2\Temp\tinyxml\Debug\tinyxml.unsuccessfulbuild".
       ClCompile:
         C:\Program Files (x86)\Microsoft Visual Studio 11.0\VC\bin\CL.exe /c /ZI /nologo /W3 /WX- /sdl /Od /Oy- /D WIN32 /D _DEBUG /D _LIB /D USE_STANDARD_FILE_FUNCTIONS /D _CRT_SECURE_NO_WARNINGS /D _UNICODE /D UNICODE /Gm /EHsc /RTC1 /MDd /GS /fp:precise /Zc:wchar_t /Zc:forScope /Fo"F:\cse 380 final project\HW2\HW2\Temp\tinyxml\Debug\\" /Fd"F:\cse 380 final project\HW2\HW2\Temp\tinyxml\Debug\vc110.pdb" /Gd /TP /analyze- /errorReport:prompt src\tinyxml\tinystr.cpp src\tinyxml\tinyxml.cpp src\tinyxml\tinyxmlerror.cpp src\tinyxml\tinyxmlparser.cpp src\tinyxml\xmltest.cpp src\tinyxml_VS\stdafx.cpp
         stdafx.cpp
         xmltest.cpp
         tinyxmlparser.cpp
         tinyxmlerror.cpp
         tinyxml.cpp
         tinystr.cpp
         Generating Code...
       Lib:
         C:\Program Files (x86)\Microsoft Visual Studio 11.0\VC\bin\Lib.exe /OUT:"F:\cse 380 final project\HW2\HW2\Common\tinyxml.lib" /NOLOGO "F:\cse 380 final project\HW2\HW2\Temp\tinyxml\Debug\tinystr.obj"
         "F:\cse 380 final project\HW2\HW2\Temp\tinyxml\Debug\tinyxml.obj"
         "F:\cse 380 final project\HW2\HW2\Temp\tinyxml\Debug\tinyxmlerror.obj"
         "F:\cse 380 final project\HW2\HW2\Temp\tinyxml\Debug\tinyxmlparser.obj"
         "F:\cse 380 final project\HW2\HW2\Temp\tinyxml\Debug\xmltest.obj"
         "F:\cse 380 final project\HW2\HW2\Temp\tinyxml\Debug\stdafx.obj"
         tinyxml.vcxproj -> F:\cse 380 final project\HW2\HW2\Common\tinyxml.lib
       FinalizeBuildStatus:
         Deleting file "F:\cse 380 final project\HW2\HW2\Temp\tinyxml\Debug\tinyxml.unsuccessfulbuild".
         Touching "F:\cse 380 final project\HW2\HW2\Temp\tinyxml\Debug\tinyxml.lastbuildstate".
     1>Done Building Project "F:\cse 380 final project\HW2\HW2\tinyxml\tinyxml.vcxproj" (Build target(s)).

Build succeeded.

Time Elapsed 00:00:03.19
