Build started 2014/4/16 20:56:36.
     1>Project "E:\cse 380 project\HW2\HW2\Bugs\Bugs.vcxproj" on node 2 (Build target(s)).
     1>ClCompile:
         C:\Program Files (x86)\Microsoft Visual Studio 11.0\VC\bin\CL.exe /c /ZI /nologo /W3 /WX- /sdl /Od /Oy- /D WIN32 /D _DEBUG /D _WINDOWS /D _UNICODE /D UNICODE /Gm /EHsc /RTC1 /MDd /GS /fp:precise /Zc:wchar_t /Zc:forScope /Fo"E:\cse 380 project\HW2\HW2\Temp\Bugs\Debug\\" /Fd"E:\cse 380 project\HW2\HW2\Temp\Bugs\Debug\vc110.pdb" /Gd /TP /analyze- /errorReport:prompt src\bugs\BugsButtonEventHandler.cpp src\bugs\BugsDataLoader.cpp src\bugs\BugsGame.cpp src\bugs\BugsKeyEventHandler.cpp src\bugs\BugsMouseEventHandler.cpp src\bugs\BugsTextGenerator.cpp
         BugsButtonEventHandler.cpp
         Generating Code...
         Compiling...
         BugsTextGenerator.cpp
     1>e:\cse 380 project\hw2\hw2\bugs\src\bugs\bugstextgenerator.cpp(54): warning C4244: 'initializing' : conversion from 'float' to 'int', possible loss of data
         BugsMouseEventHandler.cpp
         BugsKeyEventHandler.cpp
         BugsGame.cpp
         BugsDataLoader.cpp
         Generating Code...
       Link:
         C:\Program Files (x86)\Microsoft Visual Studio 11.0\VC\bin\link.exe /ERRORREPORT:PROMPT /OUT:"E:\cse 380 project\HW2\HW2\Apps\Bugs\Bugs.exe" /INCREMENTAL /NOLOGO d3d9.lib d3dx9.lib winmm.lib PoseurSpriteTypesImporter.lib SimpleSideScrollerFramework.lib tinyxml.lib TMXMapImporter.lib XMLFileImporter.lib kernel32.lib user32.lib gdi32.lib winspool.lib comdlg32.lib advapi32.lib shell32.lib ole32.lib oleaut32.lib uuid.lib odbc32.lib odbccp32.lib /MANIFEST /MANIFESTUAC:"level='asInvoker' uiAccess='false'" /manifest:embed /DEBUG /PDB:"E:\cse 380 project\HW2\HW2\Apps\Bugs\Bugs.pdb" /SUBSYSTEM:WINDOWS /TLBID:1 /DYNAMICBASE /NXCOMPAT /IMPLIB:"E:\cse 380 project\HW2\HW2\Apps\Bugs\Bugs.lib" /MACHINE:X86 "E:\cse 380 project\HW2\HW2\Temp\Bugs\Debug\BugsButtonEventHandler.obj"
         "E:\cse 380 project\HW2\HW2\Temp\Bugs\Debug\BugsCollisionListener.obj"
         "E:\cse 380 project\HW2\HW2\Temp\Bugs\Debug\BugsDataLoader.obj"
         "E:\cse 380 project\HW2\HW2\Temp\Bugs\Debug\BugsGame.obj"
         "E:\cse 380 project\HW2\HW2\Temp\Bugs\Debug\BugsKeyEventHandler.obj"
         "E:\cse 380 project\HW2\HW2\Temp\Bugs\Debug\BugsMouseEventHandler.obj"
         "E:\cse 380 project\HW2\HW2\Temp\Bugs\Debug\BugsTextGenerator.obj"
         "E:\cse 380 project\HW2\HW2\Temp\Bugs\Debug\stdafx.obj"
     1>PoseurSpriteTypesImporter.lib(PoseurSpriteTypesImporter.obj) : warning LNK4099: PDB 'vc110.pdb' was not found with 'PoseurSpriteTypesImporter.lib(PoseurSpriteTypesImporter.obj)' or at 'E:\cse 380 project\HW2\HW2\Apps\Bugs\vc110.pdb'; linking object as if no debug info
     1>tinyxml.lib(tinystr.obj) : warning LNK4099: PDB 'vc110.pdb' was not found with 'tinyxml.lib(tinystr.obj)' or at 'E:\cse 380 project\HW2\HW2\Apps\Bugs\vc110.pdb'; linking object as if no debug info
     1>tinyxml.lib(tinyxml.obj) : warning LNK4099: PDB 'vc110.pdb' was not found with 'tinyxml.lib(tinyxml.obj)' or at 'E:\cse 380 project\HW2\HW2\Apps\Bugs\vc110.pdb'; linking object as if no debug info
     1>tinyxml.lib(tinyxmlerror.obj) : warning LNK4099: PDB 'vc110.pdb' was not found with 'tinyxml.lib(tinyxmlerror.obj)' or at 'E:\cse 380 project\HW2\HW2\Apps\Bugs\vc110.pdb'; linking object as if no debug info
     1>tinyxml.lib(tinyxmlparser.obj) : warning LNK4099: PDB 'vc110.pdb' was not found with 'tinyxml.lib(tinyxmlparser.obj)' or at 'E:\cse 380 project\HW2\HW2\Apps\Bugs\vc110.pdb'; linking object as if no debug info
     1>TMXMapImporter.lib(TMXMapImporter.obj) : warning LNK4099: PDB 'vc110.pdb' was not found with 'TMXMapImporter.lib(TMXMapImporter.obj)' or at 'E:\cse 380 project\HW2\HW2\Apps\Bugs\vc110.pdb'; linking object as if no debug info
     1>XMLFileImporter.lib(XMLFileImporter.obj) : warning LNK4099: PDB 'vc110.pdb' was not found with 'XMLFileImporter.lib(XMLFileImporter.obj)' or at 'E:\cse 380 project\HW2\HW2\Apps\Bugs\vc110.pdb'; linking object as if no debug info
         Bugs.vcxproj -> E:\cse 380 project\HW2\HW2\Apps\Bugs\Bugs.exe
     1>Done Building Project "E:\cse 380 project\HW2\HW2\Bugs\Bugs.vcxproj" (Build target(s)).

Build succeeded.

Time Elapsed 00:00:38.39
